[2024-10-25 10:54:38,008][flwr][INFO] - Starting Flower simulation, config: ServerConfig(num_rounds=1, round_timeout=None)
[2024-10-25 10:54:39,959][flwr][INFO] - Flower VCE: Ray initialized with resources: {'object_store_memory': 2147483648.0, 'node:127.0.0.1': 1.0, 'CPU': 8.0, 'node:__internal_head__': 1.0, 'memory': 7350879847.0}
[2024-10-25 10:54:39,960][flwr][INFO] - Optimize your simulation with Flower VCE: https://flower.dev/docs/framework/how-to-run-simulations.html
[2024-10-25 10:54:39,960][flwr][INFO] - Flower VCE: Resources for each Virtual Client: {'num_cpus': 3, 'num_gpus': 0}
[2024-10-25 10:54:39,964][flwr][INFO] - Flower VCE: Creating VirtualClientEngineActorPool with 2 actors
[2024-10-25 10:54:39,964][flwr][INFO] - Initializing global parameters
[2024-10-25 10:54:39,964][flwr][INFO] - Requesting initial parameters from one random client
[2024-10-25 10:54:41,300][flwr][INFO] - Received initial parameters from one random client
[2024-10-25 10:54:41,300][flwr][INFO] - Evaluating initial parameters
[2024-10-25 10:57:29,679][flwr][INFO] - initial parameters (loss, other metrics): 25.099911212921143, {'accuracy': 0.5320987654320988}
[2024-10-25 10:57:29,680][flwr][INFO] - FL starting
[2024-10-25 10:57:29,681][flwr][DEBUG] - fit_round 1: strategy sampled 2 clients (out of 7)
[2024-10-25 11:06:53,034][flwr][DEBUG] - fit_round 1 received 2 results and 0 failures
[2024-10-25 11:06:53,104][flwr][WARNING] - No fit_metrics_aggregation_fn provided
[2024-10-25 11:10:17,875][flwr][INFO] - fit progress: (1, 20.427562296390533, {'accuracy': 0.5074074074074074}, 768.1903557920014)
[2024-10-25 11:10:17,875][flwr][INFO] - evaluate_round 1: no clients selected, cancel
[2024-10-25 11:10:17,875][flwr][INFO] - FL finished in 768.1908629999962
[2024-10-25 11:10:17,891][flwr][INFO] - app_fit: losses_distributed []
[2024-10-25 11:10:17,892][flwr][INFO] - app_fit: metrics_distributed_fit {}
[2024-10-25 11:10:17,892][flwr][INFO] - app_fit: metrics_distributed {}
[2024-10-25 11:10:17,892][flwr][INFO] - app_fit: losses_centralized [(0, 25.099911212921143), (1, 20.427562296390533)]
[2024-10-25 11:10:17,892][flwr][INFO] - app_fit: metrics_centralized {'accuracy': [(0, 0.5320987654320988), (1, 0.5074074074074074)]}
