[2024-10-28 09:52:05,355][flwr][INFO] - Starting Flower simulation, config: ServerConfig(num_rounds=5, round_timeout=None)
[2024-10-28 09:52:07,429][flwr][INFO] - Flower VCE: Ray initialized with resources: {'memory': 5315205530.0, 'object_store_memory': 2147483648.0, 'node:__internal_head__': 1.0, 'node:127.0.0.1': 1.0, 'CPU': 8.0}
[2024-10-28 09:52:07,429][flwr][INFO] - Optimize your simulation with Flower VCE: https://flower.dev/docs/framework/how-to-run-simulations.html
[2024-10-28 09:52:07,429][flwr][INFO] - Flower VCE: Resources for each Virtual Client: {'num_cpus': 3, 'num_gpus': 0}
[2024-10-28 09:52:07,434][flwr][INFO] - Flower VCE: Creating VirtualClientEngineActorPool with 2 actors
[2024-10-28 09:52:07,435][flwr][INFO] - Initializing global parameters
[2024-10-28 09:52:07,435][flwr][INFO] - Requesting initial parameters from one random client
[2024-10-28 09:52:08,701][flwr][INFO] - Received initial parameters from one random client
[2024-10-28 09:52:08,701][flwr][INFO] - Evaluating initial parameters
[2024-10-28 09:54:53,834][flwr][INFO] - initial parameters (loss, other metrics): 17.90050894021988, {'accuracy': 0.4962962962962963}
[2024-10-28 09:54:53,836][flwr][INFO] - FL starting
[2024-10-28 09:54:53,836][flwr][DEBUG] - fit_round 1: strategy sampled 2 clients (out of 7)
[2024-10-28 10:37:27,862][flwr][DEBUG] - fit_round 1 received 2 results and 0 failures
[2024-10-28 10:37:27,965][flwr][WARNING] - No fit_metrics_aggregation_fn provided
[2024-10-28 10:41:00,924][flwr][INFO] - fit progress: (1, 20.21322876214981, {'accuracy': 0.5962962962962963}, 2767.1011133750435)
[2024-10-28 10:41:00,924][flwr][INFO] - evaluate_round 1: no clients selected, cancel
[2024-10-28 10:41:00,924][flwr][DEBUG] - fit_round 2: strategy sampled 2 clients (out of 7)
[2024-10-28 11:11:40,555][flwr][DEBUG] - fit_round 2 received 2 results and 0 failures
[2024-10-28 11:15:08,581][flwr][INFO] - fit progress: (2, 21.981295555830002, {'accuracy': 0.6925925925925925}, 4814.761763792019)
[2024-10-28 11:15:08,581][flwr][INFO] - evaluate_round 2: no clients selected, cancel
[2024-10-28 11:15:08,582][flwr][DEBUG] - fit_round 3: strategy sampled 2 clients (out of 7)
[2024-10-28 11:45:50,645][flwr][DEBUG] - fit_round 3 received 2 results and 0 failures
[2024-10-28 11:49:27,134][flwr][INFO] - fit progress: (3, 16.909485399723053, {'accuracy': 0.7086419753086419}, 6873.355492375093)
[2024-10-28 11:49:27,134][flwr][INFO] - evaluate_round 3: no clients selected, cancel
[2024-10-28 11:49:27,134][flwr][DEBUG] - fit_round 4: strategy sampled 2 clients (out of 7)
[2024-10-28 11:59:55,777][flwr][DEBUG] - fit_round 4 received 2 results and 0 failures
[2024-10-28 12:03:27,515][flwr][INFO] - fit progress: (4, 47.679971575737, {'accuracy': 0.4283950617283951}, 7713.704143709037)
[2024-10-28 12:03:27,515][flwr][INFO] - evaluate_round 4: no clients selected, cancel
[2024-10-28 12:03:27,515][flwr][DEBUG] - fit_round 5: strategy sampled 2 clients (out of 7)
[2024-10-28 12:06:36,827][flwr][DEBUG] - fit_round 5 received 2 results and 0 failures
[2024-10-28 12:10:06,594][flwr][INFO] - fit progress: (5, 64.41688442230225, {'accuracy': 0.4962962962962963}, 8112.783426667098)
[2024-10-28 12:10:06,596][flwr][INFO] - evaluate_round 5: no clients selected, cancel
[2024-10-28 12:10:06,596][flwr][INFO] - FL finished in 8112.785089459037
[2024-10-28 12:10:06,624][flwr][INFO] - app_fit: losses_distributed []
[2024-10-28 12:10:06,625][flwr][INFO] - app_fit: metrics_distributed_fit {}
[2024-10-28 12:10:06,625][flwr][INFO] - app_fit: metrics_distributed {}
[2024-10-28 12:10:06,625][flwr][INFO] - app_fit: losses_centralized [(0, 17.90050894021988), (1, 20.21322876214981), (2, 21.981295555830002), (3, 16.909485399723053), (4, 47.679971575737), (5, 64.41688442230225)]
[2024-10-28 12:10:06,625][flwr][INFO] - app_fit: metrics_centralized {'accuracy': [(0, 0.4962962962962963), (1, 0.5962962962962963), (2, 0.6925925925925925), (3, 0.7086419753086419), (4, 0.4283950617283951), (5, 0.4962962962962963)]}
