[2024-11-15 11:36:31,963][flwr][INFO] - Starting Flower simulation, config: ServerConfig(num_rounds=4, round_timeout=None)
[2024-11-15 11:36:34,720][flwr][INFO] - Flower VCE: Ray initialized with resources: {'memory': 6843616461.0, 'CPU': 8.0, 'node:127.0.0.1': 1.0, 'object_store_memory': 2147483648.0, 'node:__internal_head__': 1.0}
[2024-11-15 11:36:34,722][flwr][INFO] - Optimize your simulation with Flower VCE: https://flower.dev/docs/framework/how-to-run-simulations.html
[2024-11-15 11:36:34,722][flwr][INFO] - Flower VCE: Resources for each Virtual Client: {'num_cpus': 2, 'num_gpus': 0}
[2024-11-15 11:36:34,728][flwr][INFO] - Flower VCE: Creating VirtualClientEngineActorPool with 4 actors
[2024-11-15 11:36:34,729][flwr][INFO] - Initializing global parameters
[2024-11-15 11:36:34,729][flwr][INFO] - Requesting initial parameters from one random client
[2024-11-15 11:36:36,075][flwr][INFO] - Received initial parameters from one random client
[2024-11-15 11:36:36,075][flwr][INFO] - Evaluating initial parameters
[2024-11-15 11:39:22,355][flwr][INFO] - initial parameters (loss, other metrics): 23.235722243785858, {'accuracy': 0.5333333333333333}
[2024-11-15 11:39:22,357][flwr][INFO] - FL starting
[2024-11-15 11:39:22,357][flwr][DEBUG] - fit_round 1: strategy sampled 3 clients (out of 7)
[2024-11-16 13:09:15,555][flwr][DEBUG] - fit_round 1 received 3 results and 0 failures
[2024-11-16 13:09:15,880][flwr][WARNING] - No fit_metrics_aggregation_fn provided
[2024-11-16 13:12:47,712][flwr][INFO] - fit progress: (1, 12.197847172617912, {'accuracy': 0.7913580246913581}, 89725.23541437485)
[2024-11-16 13:12:47,713][flwr][INFO] - evaluate_round 1: no clients selected, cancel
[2024-11-16 13:12:47,713][flwr][DEBUG] - fit_round 2: strategy sampled 3 clients (out of 7)
[2024-11-17 08:38:03,622][flwr][DEBUG] - fit_round 2 received 3 results and 0 failures
[2024-11-17 08:41:24,582][flwr][INFO] - fit progress: (2, 9.264991611242294, {'accuracy': 0.8740740740740741}, 159841.60824383283)
[2024-11-17 08:41:24,582][flwr][INFO] - evaluate_round 2: no clients selected, cancel
[2024-11-17 08:41:24,582][flwr][DEBUG] - fit_round 3: strategy sampled 3 clients (out of 7)
[2024-11-18 05:43:30,222][flwr][DEBUG] - fit_round 3 received 3 results and 0 failures
[2024-11-18 05:47:06,586][flwr][INFO] - fit progress: (3, 7.605981674045324, {'accuracy': 0.8962962962962963}, 235783.065211375)
[2024-11-18 05:47:06,586][flwr][INFO] - evaluate_round 3: no clients selected, cancel
[2024-11-18 05:47:06,586][flwr][DEBUG] - fit_round 4: strategy sampled 3 clients (out of 7)
[2024-11-18 18:04:24,019][flwr][DEBUG] - fit_round 4 received 3 results and 0 failures
[2024-11-18 18:07:35,250][flwr][INFO] - fit progress: (4, 23.876474976539612, {'accuracy': 0.7555555555555555}, 274039.160052333)
[2024-11-18 18:07:35,250][flwr][INFO] - evaluate_round 4: no clients selected, cancel
[2024-11-18 18:07:35,250][flwr][INFO] - FL finished in 274039.16056237486
[2024-11-18 18:07:35,279][flwr][INFO] - app_fit: losses_distributed []
[2024-11-18 18:07:35,279][flwr][INFO] - app_fit: metrics_distributed_fit {}
[2024-11-18 18:07:35,279][flwr][INFO] - app_fit: metrics_distributed {}
[2024-11-18 18:07:35,279][flwr][INFO] - app_fit: losses_centralized [(0, 23.235722243785858), (1, 12.197847172617912), (2, 9.264991611242294), (3, 7.605981674045324), (4, 23.876474976539612)]
[2024-11-18 18:07:35,279][flwr][INFO] - app_fit: metrics_centralized {'accuracy': [(0, 0.5333333333333333), (1, 0.7913580246913581), (2, 0.8740740740740741), (3, 0.8962962962962963), (4, 0.7555555555555555)]}
